0 info it worked if it ends with ok
1 verbose cli [ '/usr/bin/node', '/usr/bin/npm', 'run', 'dev-peer' ]
2 info using npm@3.5.2
3 info using node@v8.10.0
4 verbose run-script [ 'predev-peer', 'dev-peer', 'postdev-peer' ]
5 info lifecycle cryptochain@1.0.0~predev-peer: cryptochain@1.0.0
6 silly lifecycle cryptochain@1.0.0~predev-peer: no script for predev-peer, continuing
7 info lifecycle cryptochain@1.0.0~dev-peer: cryptochain@1.0.0
8 verbose lifecycle cryptochain@1.0.0~dev-peer: unsafe-perm in lifecycle true
9 verbose lifecycle cryptochain@1.0.0~dev-peer: PATH: /usr/share/npm/bin/node-gyp-bin:/mnt/c/Users/Abhinav Gautam/Desktop/cryptochain/node_modules/.bin:/usr/local/sbin:/usr/local/bin:/usr/sbin:/usr/bin:/sbin:/bin:/usr/games:/usr/local/games:/mnt/c/Windows:/mnt/c/Windows/system32:/mnt/c/Windows/System32/Wbem:/mnt/c/Program Files/MongoDB/Server/4.2/bin/:/mnt/c/Program Files/Git/cmd:/mnt/c/Users/Abhinav Gautam/AppData/Roaming/npm:/mnt/c/php:/mnt/c/Program Files/nodejs/:/mnt/c/ProgramData/chocolatey/bin:/mnt/c/Program Files/PuTTY/:/mnt/c/Users/john pc/AppData/Local/Programs/Microsoft VS Code/bin:/mnt/c/Users/Abhinav Gautam/AppData/Local/Microsoft/WindowsApps:/mnt/c/Users/Abhinav Gautam/AppData/Local/Programs/Microsoft VS Code/bin:/mnt/c/Users/Abhinav Gautam/AppData/Roaming/npm:/mnt/c/MinGW/bin:/mnt/c/Users/Abhinav Gautam/AppData/Local/atom/bin:/snap/bin
10 verbose lifecycle cryptochain@1.0.0~dev-peer: CWD: /mnt/c/Users/Abhinav Gautam/Desktop/cryptochain
11 silly lifecycle cryptochain@1.0.0~dev-peer: Args: [ '-c',
11 silly lifecycle   'cross-env GENERATE_PEER_PORT=\'true\' nodemon index.js' ]
12 info lifecycle cryptochain@1.0.0~dev-peer: Failed to exec dev-peer script
13 verbose stack Error: cryptochain@1.0.0 dev-peer: `cross-env GENERATE_PEER_PORT='true' nodemon index.js`
13 verbose stack spawn ENOENT
13 verbose stack     at ChildProcess.<anonymous> (/usr/share/npm/lib/utils/spawn.js:17:16)
13 verbose stack     at emitTwo (events.js:126:13)
13 verbose stack     at ChildProcess.emit (events.js:214:7)
13 verbose stack     at maybeClose (internal/child_process.js:925:16)
13 verbose stack     at Process.ChildProcess._handle.onexit (internal/child_process.js:209:5)
14 verbose pkgid cryptochain@1.0.0
15 verbose cwd /mnt/c/Users/Abhinav Gautam/Desktop/cryptochain
16 error Linux 4.4.0-18362-Microsoft
17 error argv "/usr/bin/node" "/usr/bin/npm" "run" "dev-peer"
18 error node v8.10.0
19 error npm  v3.5.2
20 error file sh
21 error code ELIFECYCLE
22 error errno ENOENT
23 error syscall spawn
24 error cryptochain@1.0.0 dev-peer: `cross-env GENERATE_PEER_PORT='true' nodemon index.js`
24 error spawn ENOENT
25 error Failed at the cryptochain@1.0.0 dev-peer script 'cross-env GENERATE_PEER_PORT='true' nodemon index.js'.
25 error Make sure you have the latest version of node.js and npm installed.
25 error If you do, this is most likely a problem with the cryptochain package,
25 error not with npm itself.
25 error Tell the author that this fails on your system:
25 error     cross-env GENERATE_PEER_PORT='true' nodemon index.js
25 error You can get information on how to open an issue for this project with:
25 error     npm bugs cryptochain
25 error Or if that isn't available, you can get their info via:
25 error     npm owner ls cryptochain
25 error There is likely additional logging output above.
26 verbose exit [ 1, true ]
